#
# There is insufficient memory for the Java Runtime Environment to continue.
# Native memory allocation (mmap) failed to map 268435456 bytes for G1 virtual space
# Possible reasons:
#   The system is out of physical RAM or swap space
#   The process is running with CompressedOops enabled, and the Java Heap may be blocking the growth of the native heap
# Possible solutions:
#   Reduce memory load on the system
#   Increase physical memory or swap space
#   Check if swap backing store is full
#   Decrease Java heap size (-Xmx/-Xms)
#   Decrease number of Java threads
#   Decrease Java thread stack sizes (-Xss)
#   Set larger code cache with -XX:ReservedCodeCacheSize=
#   JVM is running with Zero Based Compressed Oops mode in which the Java heap is
#     placed in the first 32GB address space. The Java Heap base address is the
#     maximum limit for the native heap growth. Please use -XX:HeapBaseMinAddress
#     to set the Java Heap base and to place the Java Heap above 32GB virtual address.
# This output file may be truncated or incomplete.
#
#  Out of Memory Error (./open/src/hotspot/os/windows/os_windows.cpp:3321), pid=7296, tid=1232
#
# JRE version:  (15.0.2+7) (build )
# Java VM: OpenJDK 64-Bit Server VM (15.0.2+7-27, mixed mode, sharing, tiered, compressed oops, g1 gc, windows-amd64)
# No core dump will be written. Minidumps are not enabled by default on client versions of Windows
#

---------------  S U M M A R Y ------------

Command Line: -Dfile.encoding=windows-1252 -XX:+ShowCodeDetailsInExceptionMessages lombok.launch.Main

Host: Intel(R) Core(TM) i5-3470 CPU @ 3.20GHz, 4 cores, 15G,  Windows 10 , 64 bit Build 19041 (10.0.19041.1889)
Time: Sun Nov 27 14:34:48 2022 Hora oficial do Brasil elapsed time: 0.098715 seconds (0d 0h 0m 0s)

---------------  T H R E A D  ---------------

Current thread (0x000001a6f044dbb0):  JavaThread "Unknown thread" [_thread_in_vm, id=1232, stack(0x0000009ebf400000,0x0000009ebf500000)]

Stack: [0x0000009ebf400000,0x0000009ebf500000]
Native frames: (J=compiled Java code, j=interpreted, Vv=VM code, C=native code)
V  [jvm.dll+0x62ae9a]
V  [jvm.dll+0x7817a9]
V  [jvm.dll+0x782f03]
V  [jvm.dll+0x783563]
V  [jvm.dll+0x216325]
V  [jvm.dll+0x6281d9]
V  [jvm.dll+0x61cf55]
V  [jvm.dll+0x2cffdd]
V  [jvm.dll+0x2cfe42]
V  [jvm.dll+0x2d5e1c]
V  [jvm.dll+0x32590a]
V  [jvm.dll+0x324fd4]
V  [jvm.dll+0x2a6f5a]
V  [jvm.dll+0x2a80f8]
V  [jvm.dll+0x75e241]
V  [jvm.dll+0x3341c4]
V  [jvm.dll+0x73e926]
V  [jvm.dll+0x3b7557]
V  [jvm.dll+0x3b8fe1]
C  [jli.dll+0x52fb]
C  [ucrtbase.dll+0x21bb2]
C  [KERNEL32.DLL+0x17034]
C  [ntdll.dll+0x526a1]


---------------  P R O C E S S  ---------------

Threads class SMR info:
_java_thread_list=0x00007ff91ccf4ff0, length=0, elements={
}

Java Threads: ( => current thread )

Other Threads:
  0x000001a6f049f940 GCTaskThread "GC Thread#0" [stack: 0x0000009ebf500000,0x0000009ebf600000] [id=7696]
  0x000001a6f04b2120 ConcurrentGCThread "G1 Main Marker" [stack: 0x0000009ebf600000,0x0000009ebf700000] [id=8548]
  0x000001a6f04b2ca0 ConcurrentGCThread "G1 Conc#0" [stack: 0x0000009ebf700000,0x0000009ebf800000] [id=1184]

[error occurred during error reporting (printing all threads), id 0xc0000005, EXCEPTION_ACCESS_VIOLATION (0xc0000005) at pc=0x00007ff91c4e7e27]

VM state: not at safepoint (not fully initialized)

VM Mutex/Monitor currently owned by a thread:  ([mutex/lock_event])
[0x000001a6f0449c00] Heap_lock - owner thread: 0x000001a6f044dbb0

Heap address: 0x0000000701a00000, size: 4070 MB, Compressed Oops mode: Zero based, Oop shift amount: 3
CDS archive(s) mapped at: [0x0000000000000000-0x0000000000000000-0x0000000000000000), size 0, SharedBaseAddress: 0x0000000800000000, ArchiveRelocationMode: 0.
Narrow klass base: 0x0000000000000000, Narrow klass shift: 0, Narrow klass range: 0x0

Heap:
 garbage-first heap   total 262144K, used 0K [0x0000000701a00000, 0x0000000800000000)
  region size 2048K, 0 young (0K), 0 survivors (0K)
 Metaspace       used 0K, capacity 0K, committed 0K, reserved 0K
  class space    used 0K, capacity 0K, committed 0K, reserved 0K

Heap Regions: E=young(eden), S=young(survivor), O=old, HS=humongous(starts), HC=humongous(continues), CS=collection set, F=free, OA=open archive, CA=closed archive, TAMS=top-at-mark-start (previous, next)

Card table byte_map: [0x000001a6f4660000,0x000001a6f4e60000] _byte_map_base: 0x000001a6f0e53000

Marking Bits (Prev, Next): (CMBitMap*) 0x000001a6f04a10d0, (CMBitMap*) 0x000001a6f04a1110
 Prev Bits: [0x000001a6f5660000, 0x000001a6f95f8000)
 Next Bits: [0x000001a6f9600000, 0x000001a6fd598000)

GC Heap History (0 events):
No events

Deoptimization events (0 events):
No events

Classes unloaded (0 events):
No events

Classes redefined (0 events):
No events

Internal exceptions (0 events):
No events

Events (1 events):
Event: 0.048 Loaded shared library C:\Users\Meu Computador\.p2\pool\plugins\org.eclipse.justj.openjdk.hotspot.jre.full.win32.x86_64_15.0.2.v20210201-0955\jre\bin\java.dll


Dynamic libraries:
0x00007ff705ae0000 - 0x00007ff705aed000 	C:\Users\Meu Computador\.p2\pool\plugins\org.eclipse.justj.openjdk.hotspot.jre.full.win32.x86_64_15.0.2.v20210201-0955\jre\bin\javaw.exe
0x00007ff971ad0000 - 0x00007ff971cc8000 	C:\WINDOWS\SYSTEM32\ntdll.dll
0x00007ff970030000 - 0x00007ff9700ed000 	C:\WINDOWS\System32\KERNEL32.DLL
0x00007ff96f810000 - 0x00007ff96fae2000 	C:\WINDOWS\System32\KERNELBASE.dll
0x00007ff96f710000 - 0x00007ff96f810000 	C:\WINDOWS\System32\ucrtbase.dll
0x00007ff958b70000 - 0x00007ff958b88000 	C:\Users\Meu Computador\.p2\pool\plugins\org.eclipse.justj.openjdk.hotspot.jre.full.win32.x86_64_15.0.2.v20210201-0955\jre\bin\jli.dll
0x00007ff970e20000 - 0x00007ff970fbd000 	C:\WINDOWS\System32\USER32.dll
0x00007ff96f6e0000 - 0x00007ff96f702000 	C:\WINDOWS\System32\win32u.dll
0x00007ff970b70000 - 0x00007ff970b9b000 	C:\WINDOWS\System32\GDI32.dll
0x00007ff96f5d0000 - 0x00007ff96f6df000 	C:\WINDOWS\System32\gdi32full.dll
0x00007ff96faf0000 - 0x00007ff96fb8d000 	C:\WINDOWS\System32\msvcp_win.dll
0x00007ff95d850000 - 0x00007ff95daea000 	C:\WINDOWS\WinSxS\amd64_microsoft.windows.common-controls_6595b64144ccf1df_6.0.19041.1110_none_60b5254171f9507e\COMCTL32.dll
0x00007ff958b50000 - 0x00007ff958b69000 	C:\Users\Meu Computador\.p2\pool\plugins\org.eclipse.justj.openjdk.hotspot.jre.full.win32.x86_64_15.0.2.v20210201-0955\jre\bin\VCRUNTIME140.dll
0x00007ff970ad0000 - 0x00007ff970b6e000 	C:\WINDOWS\System32\msvcrt.dll
0x00007ff970000000 - 0x00007ff970030000 	C:\WINDOWS\System32\IMM32.DLL
0x00007ff962980000 - 0x00007ff96298c000 	C:\Users\Meu Computador\.p2\pool\plugins\org.eclipse.justj.openjdk.hotspot.jre.full.win32.x86_64_15.0.2.v20210201-0955\jre\bin\vcruntime140_1.dll
0x00007ff944360000 - 0x00007ff9443f1000 	C:\Users\Meu Computador\.p2\pool\plugins\org.eclipse.justj.openjdk.hotspot.jre.full.win32.x86_64_15.0.2.v20210201-0955\jre\bin\msvcp140.dll
0x00007ff91c230000 - 0x00007ff91cd8e000 	C:\Users\Meu Computador\.p2\pool\plugins\org.eclipse.justj.openjdk.hotspot.jre.full.win32.x86_64_15.0.2.v20210201-0955\jre\bin\server\jvm.dll
0x00007ff970770000 - 0x00007ff97081e000 	C:\WINDOWS\System32\ADVAPI32.dll
0x00007ff970960000 - 0x00007ff9709fc000 	C:\WINDOWS\System32\sechost.dll
0x00007ff9703a0000 - 0x00007ff9704c5000 	C:\WINDOWS\System32\RPCRT4.dll
0x00007ff970db0000 - 0x00007ff970db8000 	C:\WINDOWS\System32\PSAPI.DLL
0x00007ff96ae00000 - 0x00007ff96ae09000 	C:\WINDOWS\SYSTEM32\WSOCK32.dll
0x00007ff970a00000 - 0x00007ff970a6b000 	C:\WINDOWS\System32\WS2_32.dll
0x00007ff964d70000 - 0x00007ff964d97000 	C:\WINDOWS\SYSTEM32\WINMM.dll
0x00007ff9633c0000 - 0x00007ff9633ca000 	C:\WINDOWS\SYSTEM32\VERSION.dll
0x00007ff96d0e0000 - 0x00007ff96d0f2000 	C:\WINDOWS\SYSTEM32\kernel.appcore.dll
0x00007ff962950000 - 0x00007ff96295a000 	C:\Users\Meu Computador\.p2\pool\plugins\org.eclipse.justj.openjdk.hotspot.jre.full.win32.x86_64_15.0.2.v20210201-0955\jre\bin\jimage.dll
0x00007ff96a160000 - 0x00007ff96a344000 	C:\WINDOWS\SYSTEM32\DBGHELP.DLL
0x00007ff969ea0000 - 0x00007ff969ecc000 	C:\WINDOWS\SYSTEM32\dbgcore.DLL
0x00007ff96f2f0000 - 0x00007ff96f372000 	C:\WINDOWS\System32\bcryptPrimitives.dll
0x00007ff9587f0000 - 0x00007ff958815000 	C:\Users\Meu Computador\.p2\pool\plugins\org.eclipse.justj.openjdk.hotspot.jre.full.win32.x86_64_15.0.2.v20210201-0955\jre\bin\java.dll

dbghelp: loaded successfully - version: 4.0.5 - missing functions: none
symbol engine: initialized successfully - sym options: 0x614 - pdb path: .;C:\Users\Meu Computador\.p2\pool\plugins\org.eclipse.justj.openjdk.hotspot.jre.full.win32.x86_64_15.0.2.v20210201-0955\jre\bin;C:\WINDOWS\SYSTEM32;C:\WINDOWS\WinSxS\amd64_microsoft.windows.common-controls_6595b64144ccf1df_6.0.19041.1110_none_60b5254171f9507e;C:\Users\Meu Computador\.p2\pool\plugins\org.eclipse.justj.openjdk.hotspot.jre.full.win32.x86_64_15.0.2.v20210201-0955\jre\bin\server

VM Arguments:
jvm_args: -Dfile.encoding=windows-1252 -XX:+ShowCodeDetailsInExceptionMessages 
java_command: lombok.launch.Main
java_class_path (initial): C:\Users\Meu Computador\eclipse-workspace\grpcexemplo\target\classes;C:\Users\Meu Computador\.m2\repository\org\projectlombok\lombok\1.18.24\lombok-1.18.24.jar;C:\Users\Meu Computador\.m2\repository\io\micronaut\micronaut-inject\3.7.4\micronaut-inject-3.7.4.jar;C:\Users\Meu Computador\.m2\repository\org\slf4j\slf4j-api\1.7.36\slf4j-api-1.7.36.jar;C:\Users\Meu Computador\.m2\repository\javax\annotation\javax.annotation-api\1.3.2\javax.annotation-api-1.3.2.jar;C:\Users\Meu Computador\.m2\repository\jakarta\inject\jakarta.inject-api\2.0.1\jakarta.inject-api-2.0.1.jar;C:\Users\Meu Computador\.m2\repository\io\micronaut\micronaut-core\3.7.4\micronaut-core-3.7.4.jar;C:\Users\Meu Computador\.m2\repository\org\yaml\snakeyaml\1.33\snakeyaml-1.33.jar;C:\Users\Meu Computador\.m2\repository\io\micronaut\micronaut-validation\3.7.4\micronaut-validation-3.7.4.jar;C:\Users\Meu Computador\.m2\repository\io\micronaut\micronaut-core-reactive\3.7.4\micronaut-core-reactive-3.7.4.jar;C:\Users\Meu Computador\.m2\repository\org\reactivestreams\reactive-streams\1.0.4\reactive-streams-1.0.4.jar;C:\Users\Meu Computador\.m2\repository\javax\validation\validation-api\2.0.1.Final\validation-api-2.0.1.Final.jar;C:\Users\Meu Computador\.m2\repository\io\projectreactor\reactor-core\3.4.23\reactor-core-3.4.23.jar;C:\Users\Meu Computador\.m2\repository\io\micronaut\micronaut-runtime\3.7.4\micronaut-runtime-3.7.4.jar;C:\Users\Meu Computador\.m2\repository\io\micronaut\micronaut-http\3.7.4\micronaut-http-3.7.4.jar;C:\Users\Meu Computador\.m2\repository\io\micronaut\micronaut-aop\3.7.4\micronaut-aop-3.7.4.jar;C:\Users\Meu Computador\.m2\repository\io\micronaut\micronaut-buffer-netty\3.7.4\micronaut-buffer-netty-3.7.4.jar;C:\Users\Meu Computador\.m2\repository\io\netty\netty-codec-http\4.1.84.Final\netty-codec-http-4.1.84.Final.jar;C:\Users\Meu Computador\.m2\repository\io\netty\netty-codec-http2\4.1.84.Final\netty-codec-http2-4.1.84.Final.jar;C:\Users\Meu Computador\.m2\repo
Launcher Type: SUN_STANDARD

[Global flags]
     intx CICompilerCount                          = 3                                         {product} {ergonomic}
     uint ConcGCThreads                            = 1                                         {product} {ergonomic}
     uint G1ConcRefinementThreads                  = 4                                         {product} {ergonomic}
   size_t G1HeapRegionSize                         = 2097152                                   {product} {ergonomic}
    uintx GCDrainStackTargetSize                   = 64                                        {product} {ergonomic}
   size_t InitialHeapSize                          = 268435456                                 {product} {ergonomic}
   size_t MarkStackSize                            = 4194304                                   {product} {ergonomic}
   size_t MaxHeapSize                              = 4267704320                                {product} {ergonomic}
   size_t MinHeapDeltaBytes                        = 2097152                                   {product} {ergonomic}
   size_t MinHeapSize                              = 8388608                                   {product} {ergonomic}
    uintx NonNMethodCodeHeapSize                   = 5832780                                {pd product} {ergonomic}
    uintx NonProfiledCodeHeapSize                  = 122912730                              {pd product} {ergonomic}
    uintx ProfiledCodeHeapSize                     = 122912730                              {pd product} {ergonomic}
    uintx ReservedCodeCacheSize                    = 251658240                              {pd product} {ergonomic}
     bool SegmentedCodeCache                       = true                                      {product} {ergonomic}
     bool ShowCodeDetailsInExceptionMessages       = true                                   {manageable} {command line}
   size_t SoftMaxHeapSize                          = 4267704320                             {manageable} {ergonomic}
     bool UseCompressedClassPointers               = true                                 {lp64_product} {ergonomic}
     bool UseCompressedOops                        = true                                 {lp64_product} {ergonomic}
     bool UseG1GC                                  = true                                      {product} {ergonomic}
     bool UseLargePagesIndividualAllocation        = false                                  {pd product} {ergonomic}

Logging:
Log output configuration:
 #0: stdout all=warning uptime,level,tags
 #1: stderr all=off uptime,level,tags

Environment Variables:
JAVA_HOME=C:\Program Files\Java\jdk-11.0.11
PATH=C:/Program Files/Java/jdk-17.0.5/bin/server;C:/Program Files/Java/jdk-17.0.5/bin;C:/Users/MEUCOM~1/AppData/Local/Temp/eoiE006.tmp//plugins/org.eclipse.justj.openjdk.hotspot.jre.minimal.stripped.win32.x86_64_17.0.4.v20220903-1038/jre/bin/server;C:/Users/MEUCOM~1/AppData/Local/Temp/eoiE006.tmp//plugins/org.eclipse.justj.openjdk.hotspot.jre.minimal.stripped.win32.x86_64_17.0.4.v20220903-1038/jre/bin;C:\Program Files\Google\Chrome\Application;C:\Program Files\Common Files\Oracle\Java\javapath;C:\Program Files (x86)\Common Files\Oracle\Java\javapath;C:\WINDOWS\system32;C:\WINDOWS;C:\WINDOWS\System32\Wbem;C:\WINDOWS\System32\WindowsPowerShell\v1.0\;C:\Program Files\dotnet\;C:\Program Files\Microsoft SQL Server\130\Tools\Binn\;C:\Program Files\Microsoft SQL Server\Client SDK\ODBC\170\Tools\Binn\;C:\WINDOWS\System32\OpenSSH\;C:\Program Files\Amazon\AWSCLIV2\;C:\Program Files\Git\cmd;C:\Program Files\nodejs\;C:\Program Files\PuTTY\;C:\Program Files\Amazon\AWSSAMCLI\bin\;C:\Program Files\Docker\Docker\resources\bin;C:\ProgramData\DockerDesktop\version-bin;C:\Program Files\MySQL\MySQL Shell 8.0\bin\;C:\Users\Meu Computador\AppData\Local\Microsoft\WindowsApps;C:\Users\Meu Computador\.dotnet\tools;C:\Users\Meu Computador\AppData\Local\Programs\Microsoft VS Code\bin;C:\Program Files (x86)\Microsoft Visual Studio\2019\Community\Common7\IDE\Extensions\Microsoft\Python\Miniconda\Miniconda3-x64;C:\Users\Meu Computador\AppData\Roaming\npm;C:\Users\Meu Computador\.mn\bin;C:\Users\Meu Computador\Gradle\gradle-6.8.3\bin;C:\Program Files\Java\jdk-11.0.11\bin;;C:\Users\Meu Computador\Downloads;;C:\Users\Meu Computador\Downloads;
USERNAME=Meu Computador
OS=Windows_NT
PROCESSOR_IDENTIFIER=Intel64 Family 6 Model 58 Stepping 9, GenuineIntel



---------------  S Y S T E M  ---------------

OS:
 Windows 10 , 64 bit Build 19041 (10.0.19041.1889)
OS uptime: 0 days 5:00 hours
HyperV virtualization detected

CPU: total 4 (initial active 4) (4 cores per cpu, 1 threads per core) family 6 model 58 stepping 9 microcode 0x21, cmov, cx8, fxsr, mmx, sse, sse2, sse3, ssse3, sse4.1, sse4.2, popcnt, vzeroupper, avx, aes, clmul, erms, tsc, tscinvbit, tscinv, clflush

Memory: 4k page, system-wide physical 16275M (2094M free)
TotalPageFile size 16275M (AvailPageFile size 180M)
current process WorkingSet (physical memory assigned to process): 10M, peak: 10M
current process commit charge ("private bytes"): 51M, peak: 307M

vm_info: OpenJDK 64-Bit Server VM (15.0.2+7-27) for windows-amd64 JRE (15.0.2+7-27), built on Dec  7 2020 20:02:38 by "mach5one" with unknown MS VC++:1925

END.
